Using pre-set license
Built from '2021.1/staging' branch; Version is '2021.1.21f1 (f2d5d3c59f8c) revision 15914451'; Using compiler version '192528614'; Build Type 'Release'
OS: 'Windows 10 Home Single Language; OS build 19042.1526; Version 2009; 64bit' Language: 'tr' Physical Memory: 8079 MB
BatchMode: 1, IsHumanControllingUs: 0, StartBugReporterOnCrash: 0, Is64bit: 1, IsPro: 0

COMMAND LINE ARGUMENTS:
C:\Program Files\Unity 2021.1.21f1\Editor\Unity.exe
-adb2
-batchMode
-noUpm
-name
AssetImportWorker0
-projectPath
C:/Users/Malik/Downloads/Angry-Block-Complete-Project/Angry Block
-logFile
Logs/AssetImportWorker0.log
-srvPort
52173
Successfully changed project path to: C:/Users/Malik/Downloads/Angry-Block-Complete-Project/Angry Block
C:/Users/Malik/Downloads/Angry-Block-Complete-Project/Angry Block
Using Asset Import Pipeline V2.
Refreshing native plugins compatible for Editor in 85.97 ms, found 2 plugins.
Preloading 0 native plugins for Editor in 0.00 ms.
Initialize engine version: 2021.1.21f1 (f2d5d3c59f8c)
[Subsystems] Discovering subsystems at path C:/Program Files/Unity 2021.1.21f1/Editor/Data/Resources/UnitySubsystems
[Subsystems] Discovering subsystems at path C:/Users/Malik/Downloads/Angry-Block-Complete-Project/Angry Block/Assets
GfxDevice: creating device client; threaded=0; jobified=0
Direct3D:
    Version:  Direct3D 11.0 [level 11.0]
    Renderer: NVIDIA GeForce GT 630M (ID=0xde9)
    Vendor:   NVIDIA
    VRAM:     1990 MB
    Driver:   23.21.13.9135
Initialize mono
Mono path[0] = 'C:/Program Files/Unity 2021.1.21f1/Editor/Data/Managed'
Mono path[1] = 'C:/Program Files/Unity 2021.1.21f1/Editor/Data/MonoBleedingEdge/lib/mono/unityjit'
Mono config path = 'C:/Program Files/Unity 2021.1.21f1/Editor/Data/MonoBleedingEdge/etc'
Using monoOptions --debugger-agent=transport=dt_socket,embedding=1,server=y,suspend=n,address=127.0.0.1:56644
Begin MonoManager ReloadAssembly
Registering precompiled unity dll's ...
Register platform support module: C:/Program Files/Unity 2021.1.21f1/Editor/Data/PlaybackEngines/WindowsStandaloneSupport/UnityEditor.WindowsStandalone.Extensions.dll
Registered in 0.002939 seconds.
Native extension for WindowsStandalone target not found
Refreshing native plugins compatible for Editor in 74.28 ms, found 2 plugins.
Preloading 0 native plugins for Editor in 0.00 ms.
Mono: successfully reloaded assembly
- Completed reload, in  1.792 seconds
Domain Reload Profiling:
	ReloadAssembly (1793ms)
		BeginReloadAssembly (96ms)
			ExecutionOrderSort (0ms)
			DisableScriptedObjects (0ms)
			BackupInstance (0ms)
			ReleaseScriptingObjects (0ms)
			CreateAndSetChildDomain (2ms)
		EndReloadAssembly (651ms)
			LoadAssemblies (92ms)
			RebuildTransferFunctionScriptingTraits (0ms)
			SetupTypeCache (249ms)
			ReleaseScriptCaches (0ms)
			RebuildScriptCaches (46ms)
			SetupLoadedEditorAssemblies (283ms)
				LogAssemblyErrors (0ms)
				InitializePlatformSupportModulesInManaged (9ms)
				SetLoadedEditorAssemblies (0ms)
				RefreshPlugins (74ms)
				BeforeProcessingInitializeOnLoad (2ms)
				ProcessInitializeOnLoadAttributes (151ms)
				ProcessInitializeOnLoadMethodAttributes (46ms)
				AfterProcessingInitializeOnLoad (0ms)
				EditorAssembliesLoaded (0ms)
			ExecutionOrderSort2 (0ms)
			AwakeInstancesAfterBackupRestoration (0ms)
Platform modules already initialized, skipping
Registering precompiled user dll's ...
Registered in 0.007826 seconds.
Begin MonoManager ReloadAssembly
Native extension for WindowsStandalone target not found
Refreshing native plugins compatible for Editor in 0.83 ms, found 2 plugins.
Preloading 0 native plugins for Editor in 0.00 ms.
Mono: successfully reloaded assembly
- Completed reload, in  1.749 seconds
Domain Reload Profiling:
	ReloadAssembly (1749ms)
		BeginReloadAssembly (242ms)
			ExecutionOrderSort (0ms)
			DisableScriptedObjects (8ms)
			BackupInstance (0ms)
			ReleaseScriptingObjects (0ms)
			CreateAndSetChildDomain (27ms)
		EndReloadAssembly (1414ms)
			LoadAssemblies (146ms)
			RebuildTransferFunctionScriptingTraits (0ms)
			SetupTypeCache (434ms)
			ReleaseScriptCaches (1ms)
			RebuildScriptCaches (68ms)
			SetupLoadedEditorAssemblies (632ms)
				LogAssemblyErrors (0ms)
				InitializePlatformSupportModulesInManaged (7ms)
				SetLoadedEditorAssemblies (1ms)
				RefreshPlugins (1ms)
				BeforeProcessingInitializeOnLoad (95ms)
				ProcessInitializeOnLoadAttributes (415ms)
				ProcessInitializeOnLoadMethodAttributes (102ms)
				AfterProcessingInitializeOnLoad (10ms)
				EditorAssembliesLoaded (0ms)
			ExecutionOrderSort2 (0ms)
			AwakeInstancesAfterBackupRestoration (11ms)
Platform modules already initialized, skipping
========================================================================
Worker process is ready to serve import requests
Launched and connected shader compiler UnityShaderCompiler.exe after 0.19 seconds
Refreshing native plugins compatible for Editor in 0.85 ms, found 2 plugins.
Preloading 0 native plugins for Editor in 0.00 ms.
Unloading 1986 Unused Serialized files (Serialized files now loaded: 0)
System memory in use before: 83.0 MB.
System memory in use after: 83.1 MB.

Unloading 56 unused Assets to reduce memory usage. Loaded Objects now: 2408.
Total: 12.464900 ms (FindLiveObjects: 0.180200 ms CreateObjectMapping: 0.089800 ms MarkObjects: 12.061200 ms  DeleteObjects: 0.131400 ms)

AssetImportParameters requested are different than current active one (requested -> active):
  custom:framework-win-MediaFoundation: 216162199b28c13a410421893ffa2e32 -> 
  custom:video-decoder-ogg-theora: a1e56fd34408186e4bbccfd4996cb3dc -> 
  custom:container-muxer-webm: aa71ff27fc2769a1b78a27578f13a17b -> 
  custom:container-demuxer-webm: 4f35f7cbe854078d1ac9338744f61a02 -> 
  custom:container-demuxer-ogg: 62fdf1f143b41e24485cea50d1cbac27 -> 
  custom:video-encoder-webm-vp8: eb34c28f22e8b96e1ab97ce403110664 -> 
  custom:video-decoder-webm-vp8: 9c59270c3fd7afecdb556c50c9e8de78 -> 
  custom:audio-decoder-ogg-vorbis: bf7c407c2cedff20999df2af8eb42d56 -> 
  custom:audio-encoder-webm-vorbis: bf7c407c2cedff20999df2af8eb42d56 -> 
========================================================================
Received Import Request.
  path: Assets/Animations
  artifactKey: Guid(4b01f75b27f8e334b91816f1aed5b1ff) Importer(815301076,1909f56bfc062723c751e8b465ee728b)
Start importing Assets/Animations using Guid(4b01f75b27f8e334b91816f1aed5b1ff) Importer(815301076,1909f56bfc062723c751e8b465ee728b)  -> (artifact id: '783048fe312805e0d67dd7c83c911d4d') in 0.047043 seconds 
========================================================================
Received Import Request.
  Time since last request: 0.000352 seconds.
  path: Assets/Physics Materials
  artifactKey: Guid(caacfea15b71d854db65f33579793039) Importer(815301076,1909f56bfc062723c751e8b465ee728b)
Start importing Assets/Physics Materials using Guid(caacfea15b71d854db65f33579793039) Importer(815301076,1909f56bfc062723c751e8b465ee728b)  -> (artifact id: '61815f09ff7df5a29996f8e21ba1b682') in 0.009136 seconds 
========================================================================
Received Import Request.
  Time since last request: 0.000293 seconds.
  path: Assets/Models
  artifactKey: Guid(095c5b3765a97bd488842d8e22b282c4) Importer(815301076,1909f56bfc062723c751e8b465ee728b)
Start importing Assets/Models using Guid(095c5b3765a97bd488842d8e22b282c4) Importer(815301076,1909f56bfc062723c751e8b465ee728b)  -> (artifact id: '448be4312f096cd37e901b077193928f') in 0.010034 seconds 
========================================================================
Received Import Request.
  Time since last request: 0.000366 seconds.
  path: Assets/Font
  artifactKey: Guid(1840d1a420895dc43a21c4f3b5bd0a75) Importer(815301076,1909f56bfc062723c751e8b465ee728b)
Start importing Assets/Font using Guid(1840d1a420895dc43a21c4f3b5bd0a75) Importer(815301076,1909f56bfc062723c751e8b465ee728b)  -> (artifact id: '1551104aba298b1eca74c11a8a7a1046') in 0.019189 seconds 
========================================================================
Received Import Request.
  Time since last request: 0.247292 seconds.
  path: Assets/Prefabs
  artifactKey: Guid(27dd4134aab3d7e41ba9cbf41fb096c8) Importer(815301076,1909f56bfc062723c751e8b465ee728b)
Start importing Assets/Prefabs using Guid(27dd4134aab3d7e41ba9cbf41fb096c8) Importer(815301076,1909f56bfc062723c751e8b465ee728b)  -> (artifact id: '9a270f4ae7729ec70df5f15ba762821f') in 0.009041 seconds 
========================================================================
Received Import Request.
  Time since last request: 3.457789 seconds.
  path: Assets/Scripts
  artifactKey: Guid(b19ee9af16797a34a982186514aa7ea2) Importer(815301076,1909f56bfc062723c751e8b465ee728b)
Start importing Assets/Scripts using Guid(b19ee9af16797a34a982186514aa7ea2) Importer(815301076,1909f56bfc062723c751e8b465ee728b)  -> (artifact id: '83c35ae7e7dd9abf91d8feb9a49b0c7b') in 0.007969 seconds 
========================================================================
Received Import Request.
  Time since last request: 2.482416 seconds.
  path: Assets/Scripts/Blocks and Ball Scripts
  artifactKey: Guid(78b0c1a6b64741e4a8b85e58b34dfba2) Importer(815301076,1909f56bfc062723c751e8b465ee728b)
Start importing Assets/Scripts/Blocks and Ball Scripts using Guid(78b0c1a6b64741e4a8b85e58b34dfba2) Importer(815301076,1909f56bfc062723c751e8b465ee728b)  -> (artifact id: '88333049fb25f6e99365505bfb52dc86') in 0.007546 seconds 
========================================================================
Received Import Request.
  Time since last request: 0.843394 seconds.
  path: Assets/Scripts/Blocks and Ball Scripts/Ball.cs
  artifactKey: Guid(c9acbdfa0495cf64a8303bb48796a73b) Importer(815301076,1909f56bfc062723c751e8b465ee728b)
Start importing Assets/Scripts/Blocks and Ball Scripts/Ball.cs using Guid(c9acbdfa0495cf64a8303bb48796a73b) Importer(815301076,1909f56bfc062723c751e8b465ee728b)  -> (artifact id: '3df4ea02ab7c4f578685bd5e074b77ed') in 0.213117 seconds 
========================================================================
Received Prepare
Refreshing native plugins compatible for Editor in 17.38 ms, found 2 plugins.
Preloading 0 native plugins for Editor in 0.00 ms.
Unloading 45 Unused Serialized files (Serialized files now loaded: 0)
System memory in use before: 44.3 MB.
System memory in use after: 44.4 MB.

Unloading 45 unused Assets to reduce memory usage. Loaded Objects now: 2408.
Total: 13.564500 ms (FindLiveObjects: 0.232000 ms CreateObjectMapping: 0.166900 ms MarkObjects: 13.127000 ms  DeleteObjects: 0.036800 ms)

AssetImportParameters requested are different than current active one (requested -> active):
  custom:framework-win-MediaFoundation: 216162199b28c13a410421893ffa2e32 -> 
  custom:video-decoder-ogg-theora: a1e56fd34408186e4bbccfd4996cb3dc -> 
  custom:container-muxer-webm: aa71ff27fc2769a1b78a27578f13a17b -> 
  custom:container-demuxer-webm: 4f35f7cbe854078d1ac9338744f61a02 -> 
  custom:container-demuxer-ogg: 62fdf1f143b41e24485cea50d1cbac27 -> 
  custom:video-encoder-webm-vp8: eb34c28f22e8b96e1ab97ce403110664 -> 
  custom:video-decoder-webm-vp8: 9c59270c3fd7afecdb556c50c9e8de78 -> 
  custom:audio-decoder-ogg-vorbis: bf7c407c2cedff20999df2af8eb42d56 -> 
  custom:audio-encoder-webm-vorbis: bf7c407c2cedff20999df2af8eb42d56 -> 
========================================================================
Received Import Request.
  Time since last request: 5082.243288 seconds.
  path: Assets/Scripts/Cannon Scripts/ShootScript.cs
  artifactKey: Guid(8426c372ada207c408e251e20e023983) Importer(815301076,1909f56bfc062723c751e8b465ee728b)
Start importing Assets/Scripts/Cannon Scripts/ShootScript.cs using Guid(8426c372ada207c408e251e20e023983) Importer(815301076,1909f56bfc062723c751e8b465ee728b)  -> (artifact id: 'b97db0afd748e7a671f790f44ca96f37') in 0.046816 seconds 
AssetImportWorkerClient::OnTransportError - code=2 error=End of file
